0 info it worked if it ends with ok
1 verbose cli [ '/usr/local/Cellar/node/7.7.1_1/bin/node',
1 verbose cli   '/usr/local/bin/npm',
1 verbose cli   'install',
1 verbose cli   'instafeed' ]
2 info using npm@4.1.2
3 info using node@v7.7.1
4 verbose config Skipping project config: /Users/ssetiyaputra/.npmrc. (matches userconfig)
5 silly loadCurrentTree Starting
6 silly install loadCurrentTree
7 silly install readLocalPackageData
8 silly fetchPackageMetaData instafeed
9 silly fetchNamedPackageData instafeed
10 silly mapToRegistry name instafeed
11 silly mapToRegistry using default registry
12 silly mapToRegistry registry https://registry.npmjs.org/
13 silly mapToRegistry data Result {
13 silly mapToRegistry   raw: 'instafeed',
13 silly mapToRegistry   scope: null,
13 silly mapToRegistry   escapedName: 'instafeed',
13 silly mapToRegistry   name: 'instafeed',
13 silly mapToRegistry   rawSpec: '',
13 silly mapToRegistry   spec: 'latest',
13 silly mapToRegistry   type: 'tag' }
14 silly mapToRegistry uri https://registry.npmjs.org/instafeed
15 verbose request uri https://registry.npmjs.org/instafeed
16 verbose request no auth needed
17 info attempt registry request try #1 at 2:39:35 pm
18 verbose request id 660cd783ebee622b
19 http request GET https://registry.npmjs.org/instafeed
20 http 200 https://registry.npmjs.org/instafeed
21 verbose headers { server: 'nginx/1.10.1',
21 verbose headers   'content-type': 'application/json',
21 verbose headers   'last-modified': 'Wed, 24 Feb 2016 03:07:39 GMT',
21 verbose headers   etag: 'W/"56cd1e7b-19b"',
21 verbose headers   'content-encoding': 'gzip',
21 verbose headers   'cache-control': 'max-age=300',
21 verbose headers   'content-length': '249',
21 verbose headers   'accept-ranges': 'bytes',
21 verbose headers   date: 'Thu, 09 Mar 2017 03:39:35 GMT',
21 verbose headers   via: '1.1 varnish',
21 verbose headers   age: '0',
21 verbose headers   connection: 'keep-alive',
21 verbose headers   'x-served-by': 'cache-syd1620-SYD',
21 verbose headers   'x-cache': 'MISS',
21 verbose headers   'x-cache-hits': '0',
21 verbose headers   'x-timer': 'S1489030775.830914,VS0,VE36',
21 verbose headers   vary: 'Accept-Encoding' }
22 silly get cb [ 200,
22 silly get   { server: 'nginx/1.10.1',
22 silly get     'content-type': 'application/json',
22 silly get     'last-modified': 'Wed, 24 Feb 2016 03:07:39 GMT',
22 silly get     etag: 'W/"56cd1e7b-19b"',
22 silly get     'content-encoding': 'gzip',
22 silly get     'cache-control': 'max-age=300',
22 silly get     'content-length': '249',
22 silly get     'accept-ranges': 'bytes',
22 silly get     date: 'Thu, 09 Mar 2017 03:39:35 GMT',
22 silly get     via: '1.1 varnish',
22 silly get     age: '0',
22 silly get     connection: 'keep-alive',
22 silly get     'x-served-by': 'cache-syd1620-SYD',
22 silly get     'x-cache': 'MISS',
22 silly get     'x-cache-hits': '0',
22 silly get     'x-timer': 'S1489030775.830914,VS0,VE36',
22 silly get     vary: 'Accept-Encoding' } ]
23 verbose get saving instafeed to /Users/ssetiyaputra/.npm/registry.npmjs.org/instafeed/.cache.json
24 verbose correctMkdir /Users/ssetiyaputra/.npm correctMkdir not in flight; initializing
25 verbose stack TypeError: Cannot convert undefined or null to object
25 verbose stack     at Function.keys (<anonymous>)
25 verbose stack     at pickVersionFromRegistryDocument (/usr/local/lib/node_modules/npm/lib/fetch-package-metadata.js:126:29)
25 verbose stack     at /usr/local/lib/node_modules/npm/node_modules/iferr/index.js:13:50
25 verbose stack     at /usr/local/lib/node_modules/npm/lib/utils/pulse-till-done.js:20:8
25 verbose stack     at saved (/usr/local/lib/node_modules/npm/lib/cache/caching-client.js:174:7)
25 verbose stack     at /usr/local/lib/node_modules/npm/node_modules/graceful-fs/polyfills.js:261:18
25 verbose stack     at FSReqWrap.oncomplete (fs.js:114:15)
26 verbose cwd /Users/ssetiyaputra/CFProjects/exercises/CFA-SS-Portfolio/web/app/assets/javascripts
27 error Darwin 16.4.0
28 error argv "/usr/local/Cellar/node/7.7.1_1/bin/node" "/usr/local/bin/npm" "install" "instafeed"
29 error node v7.7.1
30 error npm  v4.1.2
31 error Cannot convert undefined or null to object
32 error If you need help, you may report this error at:
32 error     <https://github.com/npm/npm/issues>
33 verbose exit [ 1, true ]
